[2022-05-20 14:41:36] laravel.EMERGENCY: Unable to create configured logger. Using emergency logger. {"exception":"[object] (InvalidArgumentException(code: 0): Log [] is not defined. at /var/www/vendor/laravel/framework/src/Illuminate/Log/LogManager.php:207)
[stacktrace]
#0 /var/www/vendor/laravel/framework/src/Illuminate/Log/LogManager.php(132): Illuminate\\Log\\LogManager->resolve(NULL, NULL)
#1 /var/www/vendor/laravel/framework/src/Illuminate/Log/LogManager.php(119): Illuminate\\Log\\LogManager->get(NULL)
#2 /var/www/vendor/laravel/framework/src/Illuminate/Log/LogManager.php(702): Illuminate\\Log\\LogManager->driver()
#3 /var/www/vendor/laravel/framework/src/Illuminate/Foundation/Exceptions/Handler.php(274): Illuminate\\Log\\LogManager->log('error', 'syntax error, u...', Array)
#4 /var/www/vendor/laravel/framework/src/Illuminate/Foundation/Bootstrap/HandleExceptions.php(189): Illuminate\\Foundation\\Exceptions\\Handler->report(Object(ParseError))
#5 /var/www/vendor/laravel/framework/src/Illuminate/Foundation/Bootstrap/HandleExceptions.php(255): Illuminate\\Foundation\\Bootstrap\\HandleExceptions->handleException(Object(ParseError))
#6 [internal function]: Illuminate\\Foundation\\Bootstrap\\HandleExceptions->Illuminate\\Foundation\\Bootstrap\\{closure}(Object(ParseError))
#7 {main}
"} 
[2022-05-20 14:41:36] laravel.ERROR: syntax error, unexpected token "}" {"exception":"[object] (ParseError(code: 0): syntax error, unexpected token \"}\" at /var/www/tests/Unit/ResponseTest.php:66)
[stacktrace]
#0 /var/www/vendor/phpunit/phpunit/src/Util/FileLoader.php(49): PHPUnit\\Util\\FileLoader::load('/var/www/tests/...')
#1 /var/www/vendor/phpunit/phpunit/src/Framework/TestSuite.php(401): PHPUnit\\Util\\FileLoader::checkAndLoad('/var/www/tests/...')
#2 /var/www/vendor/phpunit/phpunit/src/Framework/TestSuite.php(529): PHPUnit\\Framework\\TestSuite->addTestFile('/var/www/tests/...')
#3 /var/www/vendor/phpunit/phpunit/src/TextUI/TestSuiteMapper.php(67): PHPUnit\\Framework\\TestSuite->addTestFiles(Array)
#4 /var/www/vendor/phpunit/phpunit/src/TextUI/Command.php(390): PHPUnit\\TextUI\\TestSuiteMapper->map(Object(PHPUnit\\TextUI\\XmlConfiguration\\TestSuiteCollection), '')
#5 /var/www/vendor/pestphp/pest/src/Console/Command.php(60): PHPUnit\\TextUI\\Command->handleArguments(Array)
#6 /var/www/vendor/phpunit/phpunit/src/TextUI/Command.php(111): Pest\\Console\\Command->handleArguments(Array)
#7 /var/www/vendor/pestphp/pest/src/Console/Command.php(117): PHPUnit\\TextUI\\Command->run(Array, false)
#8 /var/www/vendor/pestphp/pest/bin/pest(62): Pest\\Console\\Command->run(Array)
#9 /var/www/vendor/pestphp/pest/bin/pest(63): {closure}()
#10 /var/www/vendor/bin/pest(117): include('/var/www/vendor...')
#11 {main}
"} 
